ERROR:root:--- Timestamp-2021-05-10 20:10:57.003592, Error-KeyboardInterrupt
ERROR:root:--- Timestamp-2021-05-10 20:15:39.123157, Error-KeyboardInterrupt
ERROR:root:--- Timestamp-2021-05-10 20:16:16.920238, Error-'list' object has no attribute 'popleft'
ERROR:root:--- Timestamp-2021-05-10 20:16:18.251149, Error-'list' object has no attribute 'popleft'
ERROR:root:--- Timestamp-2021-05-10 20:16:19.468984, Error-'list' object has no attribute 'popleft'
ERROR:root:--- Timestamp-2021-05-10 20:16:20.712490, Error-'list' object has no attribute 'popleft'
ERROR:root:--- Timestamp-2021-05-10 20:16:21.979987, Error-'list' object has no attribute 'popleft'
ERROR:root:--- Timestamp-2021-05-10 20:16:23.366988, Error-'list' object has no attribute 'popleft'
ERROR:root:--- Timestamp-2021-05-10 20:16:24.604466, Error-'list' object has no attribute 'popleft'
ERROR:root:--- Timestamp-2021-05-10 20:16:25.824833, Error-'list' object has no attribute 'popleft'
ERROR:root:--- Timestamp-2021-05-10 20:16:27.151306, Error-'list' object has no attribute 'popleft'
ERROR:root:--- Timestamp-2021-05-10 20:16:28.519018, Error-'list' object has no attribute 'popleft'
ERROR:root:--- Timestamp-2021-05-10 20:16:29.726034, Error-'list' object has no attribute 'popleft'
ERROR:root:--- Timestamp-2021-05-10 20:16:31.051339, Error-'list' object has no attribute 'popleft'
ERROR:root:--- Timestamp-2021-05-10 20:16:32.379567, Error-KeyboardInterrupt
ERROR:root:--- Timestamp-2021-05-10 20:18:48.359234, Error-KeyboardInterrupt
ERROR:root:--- Timestamp-2021-06-04 20:36:21.442911, Error-Time difference is above limit : 15.442911
ERROR:root:--- Timestamp-2021-06-04 20:36:43.166479, Error-Time difference is above limit : 15.166479
ERROR:root:--- Timestamp-2021-06-04 20:37:03.012561, Error-Time difference is above limit : 15.012561
ERROR:root:--- Timestamp-2021-06-04 20:37:27.278190, Error-Time difference is above limit : 17.27819
ERROR:root:--- Timestamp-2021-06-04 20:37:55.008206, Error-Time difference is above limit : 16.008206
ERROR:root:--- Timestamp-2021-06-04 20:38:21.876278, Error-Time difference is above limit : 15.876278
ERROR:root:--- Timestamp-2021-06-04 20:38:45.681371, Error-KeyboardInterrupt
ERROR:oandapyV20.oandapyV20:request https://api-fxpractice.oanda.com/v3/instruments/EUR_USD/candles failed [400,{"errorMessage":"Invalid value specified for 'granularity'"}]
ERROR:oandapyV20.oandapyV20:request https://api-fxpractice.oanda.com/v3/instruments/SGD_USD/candles failed [400,{"errorMessage":"Invalid value specified for 'instrument'"}]
